<testsuites>
  <testsuite failures="0"
             name="00_compile_t"
             tests="1"
             errors="0"
             time="0.116529941558838">
    <testcase name="1 - use Example;" time="0.115330934524536"></testcase>
    <testcase time="0.000267982482910156" name="(teardown)" />
    <system-out><![CDATA[ok 1 - use Example;
1..1
]]></system-out>
    <system-err></system-err>
  </testsuite>
  <testsuite errors="1"
             tests="2"
             time="4.24310803413391"
             failures="2"
             name="fail_01_fail_t">
    <testcase name="1 - add(1, 2) == 5" time="2.12728810310364">
      <failure type="TestFailed"
               message="not ok 1 - add(1, 2) == 5"><![CDATA[not ok 1 - add(1, 2) == 5
# Subtest: add
    not ok 1 - 1 + 2
    1..1]]></failure>
    </testcase>
    <testcase time="2.11545991897583" name="2 - add">
      <failure type="TestFailed"
               message="not ok 2 - add"><![CDATA[not ok 2 - add]]></failure>
    </testcase>
    <testcase name="(teardown)" time="0.000360012054443359" />
    <system-out><![CDATA[not ok 1 - add(1, 2) == 5
# Subtest: add
    not ok 1 - 1 + 2
    1..1
not ok 2 - add
]]></system-out>
    <system-err><![CDATA[Dubious, test returned 2 (wstat 512, 0x200)
]]></system-err>
    <error message="Dubious, test returned 2 (wstat 512, 0x200)" />
  </testsuite>
  <testsuite failures="0"
             name="easy_01_easy_t"
             tests="2"
             errors="0"
             time="4.28567004203796">
    <testcase time="1.15700697898865" name="1 - a + b = ab"></testcase>
    <testcase time="3.11925888061523" name="2 - str_concat"></testcase>
    <testcase time="0.00919008255004883" name="(teardown)" />
    <system-out><![CDATA[ok 1 - a + b = ab
# Subtest: str_concat
    ok 1 - a + dddd
    ok 2 - bb + ccc
    1..2
ok 2 - str_concat
1..2
]]></system-out>
    <system-err></system-err>
  </testsuite>
  <testsuite time="4.19239497184753"
             errors="1"
             tests="2"
             name="fail_02_fail_t"
             failures="2">
    <testcase time="4.06413602828979" name="1 - add(1, 2) == 5">
      <failure message="not ok 1 - add(1, 2) == 5"
               type="TestFailed"><![CDATA[not ok 1 - add(1, 2) == 5]]></failure>
    </testcase>
    <testcase name="2 - add {" time="0.109087944030762">
      <failure type="TestFailed"
               message="not ok 2 - add {"><![CDATA[not ok 2 - add {
    not ok 1 - 1 + 2
    1..1
}]]></failure>
    </testcase>
    <testcase name="(teardown)" time="0.000860929489135742" />
    <system-out><![CDATA[not ok 1 - add(1, 2) == 5
not ok 2 - add {
    not ok 1 - 1 + 2
    1..1
}
]]></system-out>
    <system-err><![CDATA[Dubious, test returned 2 (wstat 512, 0x200)
]]></system-err>
    <error message="Dubious, test returned 2 (wstat 512, 0x200)" />
  </testsuite>
  <testsuite tests="2"
             errors="0"
             time="4.27795600891113"
             failures="0"
             name="easy_02_easy_t">
    <testcase name="1 - b + a = ba" time="1.24179601669312"></testcase>
    <testcase time="2.90679502487183" name="2 - str_concat_v2 {"></testcase>
    <testcase time="0.0017399787902832" name="(teardown)" />
    <system-out><![CDATA[ok 1 - b + a = ba
ok 2 - str_concat_v2 {
    ok 1 - a + dddd
    ok 2 - bb + ccc
    1..2
}
1..2
]]></system-out>
    <system-err></system-err>
  </testsuite>
  <testsuite failures="0"
             name="math_01_math_t"
             errors="0"
             tests="4"
             time="10.0934150218964">
    <testcase time="2.0789749622345" name="1 - add(1, 2) == 3"></testcase>
    <testcase name="2 - add" time="4.00863003730774"></testcase>
    <testcase name="3 - double" time="2.00300216674805"></testcase>
    <testcase name="4 - add(3, 2) == 5" time="2.00054979324341"></testcase>
    <testcase name="(teardown)" time="0.00197696685791016" />
    <system-out><![CDATA[ok 1 - add(1, 2) == 3
# Subtest: add
    ok 1 - 1 + 2
    ok 2 - 3 + 4
    1..2
ok 2 - add
# Subtest: double
    ok 1 - 1 + 2
    ok 2 - 3 + 2
    1..2
ok 3 - double
ok 4 - add(3, 2) == 5
1..4
]]></system-out>
    <system-err></system-err>
  </testsuite>
  <testsuite failures="0"
             name="math_02_math_t"
             tests="4"
             errors="0"
             time="10.1556541919708">
    <testcase time="2.13407206535339" name="1 - add(2, 1) == 3"></testcase>
    <testcase name="2 - add_v2 {" time="4.01132202148438"></testcase>
    <testcase time="2.00544095039368" name="3 - double_v2 {"></testcase>
    <testcase name="4 - add(2, 3) == 5" time="2.00197696685791"></testcase>
    <testcase time="0.000188112258911133" name="(teardown)" />
    <system-out><![CDATA[ok 1 - add(2, 1) == 3
ok 2 - add_v2 {
    ok 1 - 1 + 2
    ok 2 - 3 + 4
    1..2
}
ok 3 - double_v2 {
    ok 1 - 1 + 2
    ok 2 - 3 + 2
    1..2
}
ok 4 - add(2, 3) == 5
1..4
]]></system-out>
    <system-err></system-err>
  </testsuite>
</testsuites>